1605198252107	mozrunner::runner	INFO	Running command: "C:\\Program Files\\Mozilla Firefox\\firefox.exe" "-marionette" "-foreground" "-no-remote" "-profile" "C:\\Users\\Grego\\AppData\\Local\\Temp\\rust_mozprofile.fQvlyzCOlhto"
1605198253288	addons.webextension.doh-rollout@mozilla.org	WARN	Loading extension 'doh-rollout@mozilla.org': Reading manifest: Invalid extension permission: networkStatus
1605198253304	addons.webextension.screenshots@mozilla.org	WARN	Loading extension 'screenshots@mozilla.org': Reading manifest: Invalid extension permission: mozillaAddons
1605198253304	addons.webextension.screenshots@mozilla.org	WARN	Loading extension 'screenshots@mozilla.org': Reading manifest: Invalid extension permission: telemetry
1605198253305	addons.webextension.screenshots@mozilla.org	WARN	Loading extension 'screenshots@mozilla.org': Reading manifest: Invalid extension permission: resource://pdf.js/
1605198253305	addons.webextension.screenshots@mozilla.org	WARN	Loading extension 'screenshots@mozilla.org': Reading manifest: Invalid extension permission: about:reader*
1605198253337	addons.xpi-utils	WARN	updateMetadata: Add-on ddg-onion@search.mozilla.org is invalid: Error: File resource://search-extensions/ddg-onion/ does not contain a valid manifest(resource://gre/modules/addons/XPIInstall.jsm:670:11) JS Stack trace: loadManifest@XPIInstall.jsm:670:11
awaitPromise@XPIProvider.jsm:226:15
syncLoadManifest@XPIInstall.jsm:749:24
updateMetadata@XPIDatabase.jsm:2890:32
updateExistingAddon@XPIDatabase.jsm:3107:23
processFileChanges@XPIDatabase.jsm:3194:31
checkForChanges@XPIProvider.jsm:2955:55
startup@XPIProvider.jsm:2415:12
callProvider@AddonManager.jsm:215:31
_startProvider@AddonManager.jsm:587:17
startup@AddonManager.jsm:811:14
startup@AddonManager.jsm:3482:26
observe@addonManager.js:87:29
1605198253345	addons.xpi-utils	WARN	updateMetadata: Add-on yahoo@search.mozilla.org is invalid: Error: File resource://search-extensions/yahoo/ does not contain a valid manifest(resource://gre/modules/addons/XPIInstall.jsm:670:11) JS Stack trace: loadManifest@XPIInstall.jsm:670:11
awaitPromise@XPIProvider.jsm:226:15
syncLoadManifest@XPIInstall.jsm:749:24
updateMetadata@XPIDatabase.jsm:2890:32
updateExistingAddon@XPIDatabase.jsm:3107:23
processFileChanges@XPIDatabase.jsm:3194:31
checkForChanges@XPIProvider.jsm:2955:55
startup@XPIProvider.jsm:2415:12
callProvider@AddonManager.jsm:215:31
_startProvider@AddonManager.jsm:587:17
startup@AddonManager.jsm:811:14
startup@AddonManager.jsm:3482:26
observe@addonManager.js:87:29
1605198253379	addons.xpi-utils	WARN	updateMetadata: Add-on youtube@search.mozilla.org is invalid: Error: File resource://search-extensions/youtube/ does not contain a valid manifest(resource://gre/modules/addons/XPIInstall.jsm:670:11) JS Stack trace: loadManifest@XPIInstall.jsm:670:11
awaitPromise@XPIProvider.jsm:226:15
syncLoadManifest@XPIInstall.jsm:749:24
updateMetadata@XPIDatabase.jsm:2890:32
updateExistingAddon@XPIDatabase.jsm:3107:23
processFileChanges@XPIDatabase.jsm:3194:31
checkForChanges@XPIProvider.jsm:2955:55
startup@XPIProvider.jsm:2415:12
callProvider@AddonManager.jsm:215:31
_startProvider@AddonManager.jsm:587:17
startup@AddonManager.jsm:811:14
startup@AddonManager.jsm:3482:26
observe@addonManager.js:87:29
1605198253380	addons.xpi-utils	WARN	updateMetadata: Add-on startpage@search.mozilla.org is invalid: Error: File resource://search-extensions/startpage/ does not contain a valid manifest(resource://gre/modules/addons/XPIInstall.jsm:670:11) JS Stack trace: loadManifest@XPIInstall.jsm:670:11
awaitPromise@XPIProvider.jsm:226:15
syncLoadManifest@XPIInstall.jsm:749:24
updateMetadata@XPIDatabase.jsm:2890:32
updateExistingAddon@XPIDatabase.jsm:3107:23
processFileChanges@XPIDatabase.jsm:3194:31
checkForChanges@XPIProvider.jsm:2955:55
startup@XPIProvider.jsm:2415:12
callProvider@AddonManager.jsm:215:31
_startProvider@AddonManager.jsm:587:17
startup@AddonManager.jsm:811:14
startup@AddonManager.jsm:3482:26
observe@addonManager.js:87:29
1605198253392	addons.xpi	WARN	Exception running bootstrap method update on default-theme@mozilla.org: TypeError: oldPermissions is null(resource://gre/modules/Extension.jsm:707:7) JS Stack trace: intersectPermissions@Extension.jsm:707:7
migratePermissions@Extension.jsm:735:34
update@Extension.jsm:1643:25
callBootstrapMethod@XPIProvider.jsm:1795:33
_install@XPIProvider.jsm:1970:18
update@XPIProvider.jsm:2078:17
awaitPromise@XPIProvider.jsm:226:15
processFileChanges@XPIDatabase.jsm:3281:19
checkForChanges@XPIProvider.jsm:2955:55
startup@XPIProvider.jsm:2415:12
callProvider@AddonManager.jsm:215:31
_startProvider@AddonManager.jsm:587:17
startup@AddonManager.jsm:811:14
startup@AddonManager.jsm:3482:26
observe@addonManager.js:87:29
1605198253392	addons.xpi	WARN	Exception running bootstrap method update on firefox-compact-light@mozilla.org: TypeError: oldPermissions is null(resource://gre/modules/Extension.jsm:707:7) JS Stack trace: intersectPermissions@Extension.jsm:707:7
migratePermissions@Extension.jsm:735:34
update@Extension.jsm:1643:25
callBootstrapMethod@XPIProvider.jsm:1795:33
_install@XPIProvider.jsm:1970:18
update@XPIProvider.jsm:2078:17
awaitPromise@XPIProvider.jsm:226:15
processFileChanges@XPIDatabase.jsm:3281:19
checkForChanges@XPIProvider.jsm:2955:55
startup@XPIProvider.jsm:2415:12
callProvider@AddonManager.jsm:215:31
_startProvider@AddonManager.jsm:587:17
startup@AddonManager.jsm:811:14
startup@AddonManager.jsm:3482:26
observe@addonManager.js:87:29
1605198253392	addons.xpi	WARN	Exception running bootstrap method update on firefox-compact-dark@mozilla.org: TypeError: oldPermissions is null(resource://gre/modules/Extension.jsm:707:7) JS Stack trace: intersectPermissions@Extension.jsm:707:7
migratePermissions@Extension.jsm:735:34
update@Extension.jsm:1643:25
callBootstrapMethod@XPIProvider.jsm:1795:33
_install@XPIProvider.jsm:1970:18
update@XPIProvider.jsm:2078:17
awaitPromise@XPIProvider.jsm:226:15
processFileChanges@XPIDatabase.jsm:3281:19
checkForChanges@XPIProvider.jsm:2955:55
startup@XPIProvider.jsm:2415:12
callProvider@AddonManager.jsm:215:31
_startProvider@AddonManager.jsm:587:17
startup@AddonManager.jsm:811:14
startup@AddonManager.jsm:3482:26
observe@addonManager.js:87:29
1605198253393	addons.xpi	WARN	Exception running bootstrap method update on {73a6fe31-595d-460b-a920-fcc0f8843232}: TypeError: oldOptionalPermissions is undefined(resource://gre/modules/Extension.jsm:750:1) JS Stack trace: migratePermissions@Extension.jsm:750:1
awaitPromise@XPIProvider.jsm:226:15
processFileChanges@XPIDatabase.jsm:3281:19
checkForChanges@XPIProvider.jsm:2955:55
startup@XPIProvider.jsm:2415:12
callProvider@AddonManager.jsm:215:31
_startProvider@AddonManager.jsm:587:17
startup@AddonManager.jsm:811:14
startup@AddonManager.jsm:3482:26
observe@addonManager.js:87:29
1605198253393	addons.xpi	WARN	Exception running bootstrap method update on https-everywhere-eff@eff.org: TypeError: oldOptionalPermissions is undefined(resource://gre/modules/Extension.jsm:750:1) JS Stack trace: migratePermissions@Extension.jsm:750:1
awaitPromise@XPIProvider.jsm:226:15
processFileChanges@XPIDatabase.jsm:3281:19
checkForChanges@XPIProvider.jsm:2955:55
startup@XPIProvider.jsm:2415:12
callProvider@AddonManager.jsm:215:31
_startProvider@AddonManager.jsm:587:17
startup@AddonManager.jsm:811:14
startup@AddonManager.jsm:3482:26
observe@addonManager.js:87:29
1605198253393	addons.xpi	WARN	Exception running bootstrap method update on ddg@search.mozilla.org: TypeError: oldOptionalPermissions is undefined(resource://gre/modules/Extension.jsm:750:1) JS Stack trace: migratePermissions@Extension.jsm:750:1
awaitPromise@XPIProvider.jsm:226:15
processFileChanges@XPIDatabase.jsm:3281:19
checkForChanges@XPIProvider.jsm:2955:55
startup@XPIProvider.jsm:2415:12
callProvider@AddonManager.jsm:215:31
_startProvider@AddonManager.jsm:587:17
startup@AddonManager.jsm:811:14
startup@AddonManager.jsm:3482:26
observe@addonManager.js:87:29
1605198253393	addons.xpi	WARN	Exception running bootstrap method update on google@search.mozilla.org: TypeError: oldOptionalPermissions is undefined(resource://gre/modules/Extension.jsm:750:1) JS Stack trace: migratePermissions@Extension.jsm:750:1
awaitPromise@XPIProvider.jsm:226:15
processFileChanges@XPIDatabase.jsm:3281:19
checkForChanges@XPIProvider.jsm:2955:55
startup@XPIProvider.jsm:2415:12
callProvider@AddonManager.jsm:215:31
_startProvider@AddonManager.jsm:587:17
startup@AddonManager.jsm:811:14
startup@AddonManager.jsm:3482:26
observe@addonManager.js:87:29
1605198253393	addons.xpi	WARN	Exception running bootstrap method update on twitter@search.mozilla.org: TypeError: oldOptionalPermissions is undefined(resource://gre/modules/Extension.jsm:750:1) JS Stack trace: migratePermissions@Extension.jsm:750:1
awaitPromise@XPIProvider.jsm:226:15
processFileChanges@XPIDatabase.jsm:3281:19
checkForChanges@XPIProvider.jsm:2955:55
startup@XPIProvider.jsm:2415:12
callProvider@AddonManager.jsm:215:31
_startProvider@AddonManager.jsm:587:17
startup@AddonManager.jsm:811:14
startup@AddonManager.jsm:3482:26
observe@addonManager.js:87:29
1605198253393	addons.xpi	WARN	Exception running bootstrap method update on wikipedia@search.mozilla.org: TypeError: oldOptionalPermissions is undefined(resource://gre/modules/Extension.jsm:750:1) JS Stack trace: migratePermissions@Extension.jsm:750:1
awaitPromise@XPIProvider.jsm:226:15
processFileChanges@XPIDatabase.jsm:3281:19
checkForChanges@XPIProvider.jsm:2955:55
startup@XPIProvider.jsm:2415:12
callProvider@AddonManager.jsm:215:31
_startProvider@AddonManager.jsm:587:17
startup@AddonManager.jsm:811:14
startup@AddonManager.jsm:3482:26
observe@addonManager.js:87:29
JavaScript error: resource://gre/modules/XULStore.jsm, line 66: Error: Can't find profile directory.
1605198254598	addons.xpi-utils	WARN	addMetadata: Add-on ddg-onion@search.mozilla.org is invalid: Error: File resource://search-extensions/ddg-onion/ does not contain a valid manifest(resource://gre/modules/addons/XPIInstall.jsm:670:11) JS Stack trace: loadManifest@XPIInstall.jsm:670:11
awaitPromise@XPIProvider.jsm:226:15
syncLoadManifest@XPIInstall.jsm:749:24
addMetadata@XPIDatabase.jsm:2783:32
processFileChanges@XPIDatabase.jsm:3219:26
getNewSideloads@XPIProvider.jsm:2991:28
1605198254598	addons.xpi-utils	WARN	Not uninstalling invalid item because it is a proxy file
1605198254618	addons.xpi-utils	WARN	addMetadata: Add-on yahoo@search.mozilla.org is invalid: Error: File resource://search-extensions/yahoo/ does not contain a valid manifest(resource://gre/modules/addons/XPIInstall.jsm:670:11) JS Stack trace: loadManifest@XPIInstall.jsm:670:11
awaitPromise@XPIProvider.jsm:226:15
syncLoadManifest@XPIInstall.jsm:749:24
addMetadata@XPIDatabase.jsm:2783:32
processFileChanges@XPIDatabase.jsm:3219:26
getNewSideloads@XPIProvider.jsm:2991:28
1605198254618	addons.xpi-utils	WARN	Not uninstalling invalid item because it is a proxy file
1605198254621	addons.xpi-utils	WARN	addMetadata: Add-on youtube@search.mozilla.org is invalid: Error: File resource://search-extensions/youtube/ does not contain a valid manifest(resource://gre/modules/addons/XPIInstall.jsm:670:11) JS Stack trace: loadManifest@XPIInstall.jsm:670:11
awaitPromise@XPIProvider.jsm:226:15
syncLoadManifest@XPIInstall.jsm:749:24
addMetadata@XPIDatabase.jsm:2783:32
processFileChanges@XPIDatabase.jsm:3219:26
getNewSideloads@XPIProvider.jsm:2991:28
1605198254621	addons.xpi-utils	WARN	Not uninstalling invalid item because it is a proxy file
1605198254623	addons.xpi-utils	WARN	addMetadata: Add-on startpage@search.mozilla.org is invalid: Error: File resource://search-extensions/startpage/ does not contain a valid manifest(resource://gre/modules/addons/XPIInstall.jsm:670:11) JS Stack trace: loadManifest@XPIInstall.jsm:670:11
awaitPromise@XPIProvider.jsm:226:15
syncLoadManifest@XPIInstall.jsm:749:24
addMetadata@XPIDatabase.jsm:2783:32
processFileChanges@XPIDatabase.jsm:3219:26
getNewSideloads@XPIProvider.jsm:2991:28
1605198254623	addons.xpi-utils	WARN	Not uninstalling invalid item because it is a proxy file
1605198255273	Marionette	INFO	Listening on port 50752
1605198255319	Marionette	WARN	TLS certificate errors will be ignored for this session
1605198264664	Marionette	INFO	Stopped listening on port 50752

###!!! [Child][RunMessage] Error: Channel closing: too late to send/recv, messages will be lost


###!!! [Child][MessageChannel::SendAndWait] Error: Channel error: cannot send/recv

[2020-11-12T16:24:25Z ERROR bitsdownload::bits_interface::monitor] Unable to dispatch to thread: NS_ERROR_ILLEGAL_DURING_SHUTDOWN
1605201433156	mozrunner::runner	INFO	Running command: "C:\\Program Files\\Mozilla Firefox\\firefox.exe" "-marionette" "-foreground" "-no-remote" "-profile" "C:\\Users\\Grego\\AppData\\Local\\Temp\\rust_mozprofile.6fzC5Nh5a10I"
1605201434184	addons.webextension.doh-rollout@mozilla.org	WARN	Loading extension 'doh-rollout@mozilla.org': Reading manifest: Invalid extension permission: networkStatus
1605201434199	addons.webextension.screenshots@mozilla.org	WARN	Loading extension 'screenshots@mozilla.org': Reading manifest: Invalid extension permission: mozillaAddons
1605201434199	addons.webextension.screenshots@mozilla.org	WARN	Loading extension 'screenshots@mozilla.org': Reading manifest: Invalid extension permission: telemetry
1605201434200	addons.webextension.screenshots@mozilla.org	WARN	Loading extension 'screenshots@mozilla.org': Reading manifest: Invalid extension permission: resource://pdf.js/
1605201434200	addons.webextension.screenshots@mozilla.org	WARN	Loading extension 'screenshots@mozilla.org': Reading manifest: Invalid extension permission: about:reader*
1605201434231	addons.xpi-utils	WARN	updateMetadata: Add-on ddg-onion@search.mozilla.org is invalid: Error: File resource://search-extensions/ddg-onion/ does not contain a valid manifest(resource://gre/modules/addons/XPIInstall.jsm:670:11) JS Stack trace: loadManifest@XPIInstall.jsm:670:11
awaitPromise@XPIProvider.jsm:226:15
syncLoadManifest@XPIInstall.jsm:749:24
updateMetadata@XPIDatabase.jsm:2890:32
updateExistingAddon@XPIDatabase.jsm:3107:23
processFileChanges@XPIDatabase.jsm:3194:31
checkForChanges@XPIProvider.jsm:2955:55
startup@XPIProvider.jsm:2415:12
callProvider@AddonManager.jsm:215:31
_startProvider@AddonManager.jsm:587:17
startup@AddonManager.jsm:811:14
startup@AddonManager.jsm:3482:26
observe@addonManager.js:87:29
1605201434241	addons.xpi-utils	WARN	updateMetadata: Add-on yahoo@search.mozilla.org is invalid: Error: File resource://search-extensions/yahoo/ does not contain a valid manifest(resource://gre/modules/addons/XPIInstall.jsm:670:11) JS Stack trace: loadManifest@XPIInstall.jsm:670:11
awaitPromise@XPIProvider.jsm:226:15
syncLoadManifest@XPIInstall.jsm:749:24
updateMetadata@XPIDatabase.jsm:2890:32
updateExistingAddon@XPIDatabase.jsm:3107:23
processFileChanges@XPIDatabase.jsm:3194:31
checkForChanges@XPIProvider.jsm:2955:55
startup@XPIProvider.jsm:2415:12
callProvider@AddonManager.jsm:215:31
_startProvider@AddonManager.jsm:587:17
startup@AddonManager.jsm:811:14
startup@AddonManager.jsm:3482:26
observe@addonManager.js:87:29
1605201434286	addons.xpi-utils	WARN	updateMetadata: Add-on youtube@search.mozilla.org is invalid: Error: File resource://search-extensions/youtube/ does not contain a valid manifest(resource://gre/modules/addons/XPIInstall.jsm:670:11) JS Stack trace: loadManifest@XPIInstall.jsm:670:11
awaitPromise@XPIProvider.jsm:226:15
syncLoadManifest@XPIInstall.jsm:749:24
updateMetadata@XPIDatabase.jsm:2890:32
updateExistingAddon@XPIDatabase.jsm:3107:23
processFileChanges@XPIDatabase.jsm:3194:31
checkForChanges@XPIProvider.jsm:2955:55
startup@XPIProvider.jsm:2415:12
callProvider@AddonManager.jsm:215:31
_startProvider@AddonManager.jsm:587:17
startup@AddonManager.jsm:811:14
startup@AddonManager.jsm:3482:26
observe@addonManager.js:87:29
1605201434289	addons.xpi-utils	WARN	updateMetadata: Add-on startpage@search.mozilla.org is invalid: Error: File resource://search-extensions/startpage/ does not contain a valid manifest(resource://gre/modules/addons/XPIInstall.jsm:670:11) JS Stack trace: loadManifest@XPIInstall.jsm:670:11
awaitPromise@XPIProvider.jsm:226:15
syncLoadManifest@XPIInstall.jsm:749:24
updateMetadata@XPIDatabase.jsm:2890:32
updateExistingAddon@XPIDatabase.jsm:3107:23
processFileChanges@XPIDatabase.jsm:3194:31
checkForChanges@XPIProvider.jsm:2955:55
startup@XPIProvider.jsm:2415:12
callProvider@AddonManager.jsm:215:31
_startProvider@AddonManager.jsm:587:17
startup@AddonManager.jsm:811:14
startup@AddonManager.jsm:3482:26
observe@addonManager.js:87:29
1605201434301	addons.xpi	WARN	Exception running bootstrap method update on default-theme@mozilla.org: TypeError: oldPermissions is null(resource://gre/modules/Extension.jsm:707:7) JS Stack trace: intersectPermissions@Extension.jsm:707:7
migratePermissions@Extension.jsm:735:34
update@Extension.jsm:1643:25
callBootstrapMethod@XPIProvider.jsm:1795:33
_install@XPIProvider.jsm:1970:18
update@XPIProvider.jsm:2078:17
awaitPromise@XPIProvider.jsm:226:15
processFileChanges@XPIDatabase.jsm:3281:19
checkForChanges@XPIProvider.jsm:2955:55
startup@XPIProvider.jsm:2415:12
callProvider@AddonManager.jsm:215:31
_startProvider@AddonManager.jsm:587:17
startup@AddonManager.jsm:811:14
startup@AddonManager.jsm:3482:26
observe@addonManager.js:87:29
1605201434301	addons.xpi	WARN	Exception running bootstrap method update on firefox-compact-light@mozilla.org: TypeError: oldPermissions is null(resource://gre/modules/Extension.jsm:707:7) JS Stack trace: intersectPermissions@Extension.jsm:707:7
migratePermissions@Extension.jsm:735:34
update@Extension.jsm:1643:25
callBootstrapMethod@XPIProvider.jsm:1795:33
_install@XPIProvider.jsm:1970:18
update@XPIProvider.jsm:2078:17
awaitPromise@XPIProvider.jsm:226:15
processFileChanges@XPIDatabase.jsm:3281:19
checkForChanges@XPIProvider.jsm:2955:55
startup@XPIProvider.jsm:2415:12
callProvider@AddonManager.jsm:215:31
_startProvider@AddonManager.jsm:587:17
startup@AddonManager.jsm:811:14
startup@AddonManager.jsm:3482:26
observe@addonManager.js:87:29
1605201434301	addons.xpi	WARN	Exception running bootstrap method update on firefox-compact-dark@mozilla.org: TypeError: oldPermissions is null(resource://gre/modules/Extension.jsm:707:7) JS Stack trace: intersectPermissions@Extension.jsm:707:7
migratePermissions@Extension.jsm:735:34
update@Extension.jsm:1643:25
callBootstrapMethod@XPIProvider.jsm:1795:33
_install@XPIProvider.jsm:1970:18
update@XPIProvider.jsm:2078:17
awaitPromise@XPIProvider.jsm:226:15
processFileChanges@XPIDatabase.jsm:3281:19
checkForChanges@XPIProvider.jsm:2955:55
startup@XPIProvider.jsm:2415:12
callProvider@AddonManager.jsm:215:31
_startProvider@AddonManager.jsm:587:17
startup@AddonManager.jsm:811:14
startup@AddonManager.jsm:3482:26
observe@addonManager.js:87:29
1605201434302	addons.xpi	WARN	Exception running bootstrap method update on {73a6fe31-595d-460b-a920-fcc0f8843232}: TypeError: oldOptionalPermissions is undefined(resource://gre/modules/Extension.jsm:750:1) JS Stack trace: migratePermissions@Extension.jsm:750:1
awaitPromise@XPIProvider.jsm:226:15
processFileChanges@XPIDatabase.jsm:3281:19
checkForChanges@XPIProvider.jsm:2955:55
startup@XPIProvider.jsm:2415:12
callProvider@AddonManager.jsm:215:31
_startProvider@AddonManager.jsm:587:17
startup@AddonManager.jsm:811:14
startup@AddonManager.jsm:3482:26
observe@addonManager.js:87:29
1605201434302	addons.xpi	WARN	Exception running bootstrap method update on https-everywhere-eff@eff.org: TypeError: oldOptionalPermissions is undefined(resource://gre/modules/Extension.jsm:750:1) JS Stack trace: migratePermissions@Extension.jsm:750:1
awaitPromise@XPIProvider.jsm:226:15
processFileChanges@XPIDatabase.jsm:3281:19
checkForChanges@XPIProvider.jsm:2955:55
startup@XPIProvider.jsm:2415:12
callProvider@AddonManager.jsm:215:31
_startProvider@AddonManager.jsm:587:17
startup@AddonManager.jsm:811:14
startup@AddonManager.jsm:3482:26
observe@addonManager.js:87:29
1605201434302	addons.xpi	WARN	Exception running bootstrap method update on ddg@search.mozilla.org: TypeError: oldOptionalPermissions is undefined(resource://gre/modules/Extension.jsm:750:1) JS Stack trace: migratePermissions@Extension.jsm:750:1
awaitPromise@XPIProvider.jsm:226:15
processFileChanges@XPIDatabase.jsm:3281:19
checkForChanges@XPIProvider.jsm:2955:55
startup@XPIProvider.jsm:2415:12
callProvider@AddonManager.jsm:215:31
_startProvider@AddonManager.jsm:587:17
startup@AddonManager.jsm:811:14
startup@AddonManager.jsm:3482:26
observe@addonManager.js:87:29
1605201434302	addons.xpi	WARN	Exception running bootstrap method update on google@search.mozilla.org: TypeError: oldOptionalPermissions is undefined(resource://gre/modules/Extension.jsm:750:1) JS Stack trace: migratePermissions@Extension.jsm:750:1
awaitPromise@XPIProvider.jsm:226:15
processFileChanges@XPIDatabase.jsm:3281:19
checkForChanges@XPIProvider.jsm:2955:55
startup@XPIProvider.jsm:2415:12
callProvider@AddonManager.jsm:215:31
_startProvider@AddonManager.jsm:587:17
startup@AddonManager.jsm:811:14
startup@AddonManager.jsm:3482:26
observe@addonManager.js:87:29
1605201434302	addons.xpi	WARN	Exception running bootstrap method update on twitter@search.mozilla.org: TypeError: oldOptionalPermissions is undefined(resource://gre/modules/Extension.jsm:750:1) JS Stack trace: migratePermissions@Extension.jsm:750:1
awaitPromise@XPIProvider.jsm:226:15
processFileChanges@XPIDatabase.jsm:3281:19
checkForChanges@XPIProvider.jsm:2955:55
startup@XPIProvider.jsm:2415:12
callProvider@AddonManager.jsm:215:31
_startProvider@AddonManager.jsm:587:17
startup@AddonManager.jsm:811:14
startup@AddonManager.jsm:3482:26
observe@addonManager.js:87:29
1605201434302	addons.xpi	WARN	Exception running bootstrap method update on wikipedia@search.mozilla.org: TypeError: oldOptionalPermissions is undefined(resource://gre/modules/Extension.jsm:750:1) JS Stack trace: migratePermissions@Extension.jsm:750:1
awaitPromise@XPIProvider.jsm:226:15
processFileChanges@XPIDatabase.jsm:3281:19
checkForChanges@XPIProvider.jsm:2955:55
startup@XPIProvider.jsm:2415:12
callProvider@AddonManager.jsm:215:31
_startProvider@AddonManager.jsm:587:17
startup@AddonManager.jsm:811:14
startup@AddonManager.jsm:3482:26
observe@addonManager.js:87:29
JavaScript error: resource://gre/modules/XULStore.jsm, line 66: Error: Can't find profile directory.
1605201436028	addons.xpi-utils	WARN	addMetadata: Add-on ddg-onion@search.mozilla.org is invalid: Error: File resource://search-extensions/ddg-onion/ does not contain a valid manifest(resource://gre/modules/addons/XPIInstall.jsm:670:11) JS Stack trace: loadManifest@XPIInstall.jsm:670:11
awaitPromise@XPIProvider.jsm:226:15
syncLoadManifest@XPIInstall.jsm:749:24
addMetadata@XPIDatabase.jsm:2783:32
processFileChanges@XPIDatabase.jsm:3219:26
getNewSideloads@XPIProvider.jsm:2991:28
1605201436028	addons.xpi-utils	WARN	Not uninstalling invalid item because it is a proxy file
1605201436044	addons.xpi-utils	WARN	addMetadata: Add-on yahoo@search.mozilla.org is invalid: Error: File resource://search-extensions/yahoo/ does not contain a valid manifest(resource://gre/modules/addons/XPIInstall.jsm:670:11) JS Stack trace: loadManifest@XPIInstall.jsm:670:11
awaitPromise@XPIProvider.jsm:226:15
syncLoadManifest@XPIInstall.jsm:749:24
addMetadata@XPIDatabase.jsm:2783:32
processFileChanges@XPIDatabase.jsm:3219:26
getNewSideloads@XPIProvider.jsm:2991:28
1605201436045	addons.xpi-utils	WARN	Not uninstalling invalid item because it is a proxy file
1605201436051	addons.xpi-utils	WARN	addMetadata: Add-on youtube@search.mozilla.org is invalid: Error: File resource://search-extensions/youtube/ does not contain a valid manifest(resource://gre/modules/addons/XPIInstall.jsm:670:11) JS Stack trace: loadManifest@XPIInstall.jsm:670:11
awaitPromise@XPIProvider.jsm:226:15
syncLoadManifest@XPIInstall.jsm:749:24
addMetadata@XPIDatabase.jsm:2783:32
processFileChanges@XPIDatabase.jsm:3219:26
getNewSideloads@XPIProvider.jsm:2991:28
1605201436051	addons.xpi-utils	WARN	Not uninstalling invalid item because it is a proxy file
1605201436054	addons.xpi-utils	WARN	addMetadata: Add-on startpage@search.mozilla.org is invalid: Error: File resource://search-extensions/startpage/ does not contain a valid manifest(resource://gre/modules/addons/XPIInstall.jsm:670:11) JS Stack trace: loadManifest@XPIInstall.jsm:670:11
awaitPromise@XPIProvider.jsm:226:15
syncLoadManifest@XPIInstall.jsm:749:24
addMetadata@XPIDatabase.jsm:2783:32
processFileChanges@XPIDatabase.jsm:3219:26
getNewSideloads@XPIProvider.jsm:2991:28
1605201436055	addons.xpi-utils	WARN	Not uninstalling invalid item because it is a proxy file
1605201436976	Marionette	INFO	Listening on port 51557
1605201437470	Marionette	WARN	TLS certificate errors will be ignored for this session
1605201546041	Marionette	INFO	Stopped listening on port 51557

###!!! [Child][RunMessage] Error: Channel closing: too late to send/recv, messages will be lost


###!!! [Child][MessageChannel::SendAndWait] Error: Channel error: cannot send/recv

1605325110628	mozrunner::runner	INFO	Running command: "C:\\Program Files\\Mozilla Firefox\\firefox.exe" "-marionette" "-headless" "-foreground" "-no-remote" "-profile" "C:\\Users\\gregb\\AppData\\Local\\Temp\\rust_mozprofile.jmOpaZlLBRWG"
*** You are running in headless mode.
JavaScript error: resource://gre/modules/XULStore.jsm, line 66: Error: Can't find profile directory.
1605325111653	Marionette	INFO	Listening on port 60587
1605325112157	Marionette	WARN	TLS certificate errors will be ignored for this session
1605325113756	Marionette	INFO	Stopped listening on port 60587
JavaScript error: /_/mss/boq-identity/_/js/k=boq-identity.ConsentUi.en_GB._JWvUERh4Rs.es5.O/am=Ew/d=1/excm=_b,_tp,displayintroui/ed=1/dg=0/wt=2/ct=zgms/rs=AOaEmlHCScgjJSFeQEV69tcyVBbTHIg4rw/m=_b,_tp, line 473: NS_ERROR_NOT_INITIALIZED: 
JavaScript error: resource://gre/modules/Sqlite.jsm, line 1031: Error: Sqlite.jsm has been shutdown. Cannot open connection to: C:\Users\gregb\AppData\Local\Temp\rust_mozprofile.jmOpaZlLBRWG\protections.sqlite
[Parent 36024, Gecko_IOThread] WARNING: file /builds/worker/checkouts/gecko/ipc/chromium/src/base/process_util_win.cc, line 166
1605325139604	mozrunner::runner	INFO	Running command: "C:\\Program Files\\Mozilla Firefox\\firefox.exe" "-marionette" "-foreground" "-no-remote" "-profile" "C:\\Users\\gregb\\AppData\\Local\\Temp\\rust_mozprofile.SHZD1Ilp8ouQ"
Can't find symbol 'eglSwapBuffersWithDamageEXT'.
JavaScript error: resource://gre/modules/XULStore.jsm, line 66: Error: Can't find profile directory.
1605325141135	Marionette	INFO	Listening on port 60654
1605325141619	Marionette	WARN	TLS certificate errors will be ignored for this session
1605325143362	Marionette	INFO	Stopped listening on port 60654
JavaScript error: /_/mss/boq-identity/_/js/k=boq-identity.ConsentUi.en_GB._JWvUERh4Rs.es5.O/am=Ew/d=1/excm=_b,_tp,displayintroui/ed=1/dg=0/wt=2/ct=zgms/rs=AOaEmlHCScgjJSFeQEV69tcyVBbTHIg4rw/m=_b,_tp, line 473: NS_ERROR_NOT_INITIALIZED: 

###!!! [Child][RunMessage] Error: Channel closing: too late to send/recv, messages will be lost


###!!! [Child][MessageChannel::SendAndWait] Error: Channel error: cannot send/recv

1605325258563	mozrunner::runner	INFO	Running command: "C:\\Program Files\\Mozilla Firefox\\firefox.exe" "-marionette" "-foreground" "-no-remote" "-profile" "C:\\Users\\gregb\\AppData\\Local\\Temp\\rust_mozprofile.FeJN24PWVvGI"
Can't find symbol 'eglSwapBuffersWithDamageEXT'.
JavaScript error: resource://gre/modules/XULStore.jsm, line 66: Error: Can't find profile directory.
1605325260171	Marionette	INFO	Listening on port 60753
1605325260578	Marionette	WARN	TLS certificate errors will be ignored for this session
1605325262209	Marionette	INFO	Stopped listening on port 60753
JavaScript error: /_/mss/boq-identity/_/js/k=boq-identity.ConsentUi.en_GB._JWvUERh4Rs.es5.O/am=Ew/d=1/excm=_b,_tp,displayintroui/ed=1/dg=0/wt=2/ct=zgms/rs=AOaEmlHCScgjJSFeQEV69tcyVBbTHIg4rw/m=_b,_tp, line 473: NS_ERROR_NOT_INITIALIZED: 
JavaScript error: resource://gre/modules/AsyncShutdown.jsm, line 697: Error: Phase "Sqlite.jsm: wait until all connections are closed" is finished, it is too late to register completion condition "protections.sqlite#0: waiting for shutdown"

###!!! [Child][RunMessage] Error: Channel closing: too late to send/recv, messages will be lost


###!!! [Child][MessageChannel::SendAndWait] Error: Channel error: cannot send/recv

